<?xml version="1.0" encoding="UTF-8"?>
<testng-results ignored="0" total="1" passed="1" failed="0" skipped="0">
  <reporter-output>
  </reporter-output>
  <suite started-at="2021-01-27T23:20:11 IST" name="Default suite" finished-at="2021-01-27T23:20:17 IST" duration-ms="5273">
    <groups>
    </groups>
    <test started-at="2021-01-27T23:20:11 IST" name="Default test" finished-at="2021-01-27T23:20:17 IST" duration-ms="5273">
      <class name="com.qa.practice.spectbuilder.SpecBuilderDemo">
        <test-method is-config="true" signature="setUp()[pri:0, instance:com.qa.practice.spectbuilder.SpecBuilderDemo@48aaecc3]" started-at="2021-01-27T23:20:11 IST" name="setUp" finished-at="2021-01-27T23:20:14 IST" duration-ms="2140" status="PASS">
          <reporter-output>
          </reporter-output>
        </test-method> <!-- setUp -->
        <test-method signature="addMap()[pri:0, instance:com.qa.practice.spectbuilder.SpecBuilderDemo@48aaecc3]" started-at="2021-01-27T23:20:14 IST" name="addMap" finished-at="2021-01-27T23:20:17 IST" duration-ms="3028" status="PASS">
          <reporter-output>
          </reporter-output>
        </test-method> <!-- addMap -->
      </class> <!-- com.qa.practice.spectbuilder.SpecBuilderDemo -->
    </test> <!-- Default test -->
  </suite> <!-- Default suite -->
</testng-results>
