# JRE version: Java(TM) SE Runtime Environment (15.0+36) (build 15+36-1562)
# Java VM: Java HotSpot(TM) 64-Bit Server VM (15+36-1562, mixed mode, sharing, tiered, compressed oops, g1 gc, windows-amd64)
GC Precious Log:
 CPUs: 4 total, 4 available
 Memory: 4009M
 Large Page Support: Disabled
 NUMA Support: Disabled
 Compressed Oops: Enabled (32-bit)
 Heap Region Size: 1M
 Heap Min Capacity: 8M
 Heap Initial Capacity: 64M
 Heap Max Capacity: 1004M
 Pre-touch: Disabled
 Parallel Workers: 4
 Concurrent Workers: 1
 Concurrent Refinement Workers: 4
 Periodic GC: Disabled
Heap:
 garbage-first heap   total 68608K, used 39914K [0x00000000c1400000, 0x0000000100000000)
  region size 1024K, 23 young (23552K), 5 survivors (5120K)
 Metaspace       used 29338K, capacity 30402K, committed 30640K, reserved 1075200K
  class space    used 3528K, capacity 4039K, committed 4096K, reserved 1048576K
GC Heap History (14 events):
Event: 1.341 GC heap before
{Heap before GC invocations=0 (full 0):
 garbage-first heap   total 65536K, used 12288K [0x00000000c1400000, 0x0000000100000000)
  region size 1024K, 13 young (13312K), 0 survivors (0K)
 Metaspace       used 5694K, capacity 6435K, committed 6656K, reserved 1056768K
  class space    used 608K, capacity 651K, committed 768K, reserved 1048576K
}
Event: 1.347 GC heap after
{Heap after GC invocations=1 (full 0):
 garbage-first heap   total 65536K, used 4587K [0x00000000c1400000, 0x0000000100000000)
  region size 1024K, 2 young (2048K), 2 survivors (2048K)
 Metaspace       used 5694K, capacity 6435K, committed 6656K, reserved 1056768K
  class space    used 608K, capacity 651K, committed 768K, reserved 1048576K
}
Event: 1.763 GC heap before
{Heap before GC invocations=1 (full 0):
 garbage-first heap   total 65536K, used 15851K [0x00000000c1400000, 0x0000000100000000)
  region size 1024K, 13 young (13312K), 2 survivors (2048K)
 Metaspace       used 8399K, capacity 8659K, committed 8704K, reserved 1056768K
  class space    used 925K, capacity 1007K, committed 1024K, reserved 1048576K
}
Event: 1.770 GC heap after
{Heap after GC invocations=2 (full 0):
 garbage-first heap   total 65536K, used 5753K [0x00000000c1400000, 0x0000000100000000)
  region size 1024K, 2 young (2048K), 2 survivors (2048K)
 Metaspace       used 8399K, capacity 8659K, committed 8704K, reserved 1056768K
  class space    used 925K, capacity 1007K, committed 1024K, reserved 1048576K
}
Event: 2.405 GC heap before
{Heap before GC invocations=2 (full 0):
 garbage-first heap   total 65536K, used 26233K [0x00000000c1400000, 0x0000000100000000)
  region size 1024K, 23 young (23552K), 2 survivors (2048K)
 Metaspace       used 12723K, capacity 12984K, committed 13312K, reserved 1060864K
  class space    used 1347K, capacity 1426K, committed 1536K, reserved 1048576K
}
Event: 2.413 GC heap after
{Heap after GC invocations=3 (full 0):
 garbage-first heap   total 65536K, used 8659K [0x00000000c1400000, 0x0000000100000000)
  region size 1024K, 3 young (3072K), 3 survivors (3072K)
 Metaspace       used 12723K, capacity 12984K, committed 13312K, reserved 1060864K
  class space    used 1347K, capacity 1426K, committed 1536K, reserved 1048576K
}
Event: 2.978 GC heap before
{Heap before GC invocations=3 (full 0):
 garbage-first heap   total 65536K, used 36307K [0x00000000c1400000, 0x0000000100000000)
  region size 1024K, 28 young (28672K), 3 survivors (3072K)
 Metaspace       used 15151K, capacity 15442K, committed 15488K, reserved 1062912K
  class space    used 1557K, capacity 1628K, committed 1664K, reserved 1048576K
}
Event: 2.991 GC heap after
{Heap after GC invocations=4 (full 0):
 garbage-first heap   total 65536K, used 12066K [0x00000000c1400000, 0x0000000100000000)
  region size 1024K, 4 young (4096K), 4 survivors (4096K)
 Metaspace       used 15151K, capacity 15442K, committed 15488K, reserved 1062912K
  class space    used 1557K, capacity 1628K, committed 1664K, reserved 1048576K
}
Event: 3.848 GC heap before
{Heap before GC invocations=4 (full 0):
 garbage-first heap   total 65536K, used 41762K [0x00000000c1400000, 0x0000000100000000)
  region size 1024K, 33 young (33792K), 4 survivors (4096K)
 Metaspace       used 16555K, capacity 17184K, committed 17408K, reserved 1064960K
  class space    used 1771K, capacity 2025K, committed 2048K, reserved 1048576K
}
Event: 3.860 GC heap after
{Heap after GC invocations=5 (full 0):
 garbage-first heap   total 65536K, used 14489K [0x00000000c1400000, 0x0000000100000000)
  region size 1024K, 3 young (3072K), 3 survivors (3072K)
 Metaspace       used 16555K, capacity 17184K, committed 17408K, reserved 1064960K
  class space    used 1771K, capacity 2025K, committed 2048K, reserved 1048576K
}
Event: 4.862 GC heap before
{Heap before GC invocations=5 (full 0):
 garbage-first heap   total 65536K, used 42137K [0x00000000c1400000, 0x0000000100000000)
  region size 1024K, 31 young (31744K), 3 survivors (3072K)
 Metaspace       used 20423K, capacity 21146K, committed 21296K, reserved 1069056K
  class space    used 2271K, capacity 2626K, committed 2688K, reserved 1048576K
}
Event: 4.875 GC heap after
{Heap after GC invocations=6 (full 0):
 garbage-first heap   total 78848K, used 18590K [0x00000000c1400000, 0x0000000100000000)
  region size 1024K, 4 young (4096K), 4 survivors (4096K)
 Metaspace       used 20423K, capacity 21146K, committed 21296K, reserved 1069056K
  class space    used 2271K, capacity 2626K, committed 2688K, reserved 1048576K
}
Event: 6.041 GC heap before
{Heap before GC invocations=7 (full 0):
 garbage-first heap   total 68608K, used 53406K [0x00000000c1400000, 0x0000000100000000)
  region size 1024K, 38 young (38912K), 4 survivors (4096K)
 Metaspace       used 25905K, capacity 26940K, committed 27056K, reserved 1073152K
  class space    used 2997K, capacity 3481K, committed 3584K, reserved 1048576K
}
Event: 6.059 GC heap after
{Heap after GC invocations=8 (full 0):
 garbage-first heap   total 68608K, used 23530K [0x00000000c1400000, 0x0000000100000000)
  region size 1024K, 5 young (5120K), 5 survivors (5120K)
 Metaspace       used 25905K, capacity 26940K, committed 27056K, reserved 1073152K
  class space    used 2997K, capacity 3481K, committed 3584K, reserved 1048576K
}

